<?xml version="1.0" encoding="UTF-8"?>
<!-- Generated by org.testng.reporters.JUnitXMLReporter -->
<testsuite hostname="LAPTOP-TDH6E20R" name="Test" tests="5" failures="0" timestamp="1 Sep 2017 12:30:13 GMT" time="167.434" errors="0">
  <testcase name="invalidlogin" time="11.282" classname="projectScripts.Script_Login"/>
  <testcase name="invalidlogin" time="13.767" classname="projectScripts.Script_Login"/>
  <testcase name="validlogin" time="4.266" classname="projectScripts.Script_Login"/>
  <testcase name="invalidSearch" time="8.361" classname="projectScripts.Script_Search"/>
  <testcase name="validSearch" time="7.206" classname="projectScripts.Script_Search"/>
</testsuite> <!-- Test -->
