<?xml version="1.0" encoding="UTF-8"?>
<!-- Generated by org.testng.reporters.JUnitXMLReporter -->
<testsuite hostname="LAPTOP-TDH6E20R" name="Test1" tests="5" failures="0" timestamp="1 Sep 2017 12:36:51 GMT" time="397.794" errors="0">
  <testcase name="invalidlogin" time="28.28" classname="projectScripts.Script_Login"/>
  <testcase name="invalidlogin" time="28.79" classname="projectScripts.Script_Login"/>
  <testcase name="validlogin" time="26.889" classname="projectScripts.Script_Login"/>
  <testcase name="invalidSearch" time="5.283" classname="projectScripts.Script_Search"/>
  <testcase name="validSearch" time="6.233" classname="projectScripts.Script_Search"/>
</testsuite> <!-- Test1 -->
