<?xml version="1.0" encoding="UTF-8"?>
<!-- Generated by org.testng.reporters.JUnitXMLReporter -->
<testsuite hostname="LAPTOP-TDH6E20R" name="Test1" tests="5" failures="0" timestamp="25 Aug 2017 20:45:17 GMT" time="276.439" errors="0">
  <testcase name="invalidlogin" time="11.486" classname="projectScripts.Script_Login"/>
  <testcase name="invalidlogin" time="7.86" classname="projectScripts.Script_Login"/>
  <testcase name="validlogin" time="2.999" classname="projectScripts.Script_Login"/>
  <testcase name="invalidSearch" time="5.345" classname="projectScripts.Script_Search"/>
  <testcase name="validSearch" time="6.099" classname="projectScripts.Script_Search"/>
</testsuite> <!-- Test1 -->
