<?xml version="1.0" encoding="UTF-8"?>
<!-- Generated by org.testng.reporters.JUnitXMLReporter -->
<testsuite hostname="LAPTOP-TDH6E20R" name="Test" tests="5" failures="0" timestamp="25 Aug 2017 20:40:41 GMT" time="99.545" errors="0">
  <testcase name="invalidlogin" time="6.564" classname="projectScripts.Script_Login"/>
  <testcase name="invalidlogin" time="2.938" classname="projectScripts.Script_Login"/>
  <testcase name="validlogin" time="4.688" classname="projectScripts.Script_Login"/>
  <testcase name="invalidSearch" time="5.547" classname="projectScripts.Script_Search"/>
  <testcase name="validSearch" time="6.97" classname="projectScripts.Script_Search"/>
</testsuite> <!-- Test -->
